000 (180235.000.000) 2022-11-08 15:21:21 Job submitted from host: <131.227.81.72:9618?addrs=131.227.81.72-9618&alias=condor.eps.surrey.ac.uk&noUDP&sock=schedd_13380_2544>
...
040 (180235.000.000) 2022-11-08 15:21:21 Finished transferring input files
...
001 (180235.000.000) 2022-11-08 15:21:22 Job executing on host: <131.227.80.56:9618?addrs=131.227.80.56-9618&alias=kili.eps.surrey.ac.uk&noUDP&sock=startd_3117_94ca>
...
006 (180235.000.000) 2022-11-08 15:21:31 Image size of job updated: 323336
	3  -  MemoryUsage of job (MB)
	2092  -  ResidentSetSize of job (KB)
...
006 (180235.000.000) 2022-11-08 15:26:32 Image size of job updated: 323336
	3  -  MemoryUsage of job (MB)
	2116  -  ResidentSetSize of job (KB)
...
006 (180235.000.000) 2022-11-08 19:21:27 Image size of job updated: 323336
	101  -  MemoryUsage of job (MB)
	103616  -  ResidentSetSize of job (KB)
...
004 (180235.000.000) 2022-11-08 19:21:27 Job was evicted.
	(0) CPU times
		Usr 0 00:00:11, Sys 0 00:00:09  -  Run Remote Usage
		Usr 0 00:00:00, Sys 0 00:00:00  -  Run Local Usage
	0  -  Run Bytes Sent By Job
	0  -  Run Bytes Received By Job
	Partitionable Resources :    Usage  Request Allocated Assigned
	   Cpus                 :     0.00        4         4 
	   Disk (KB)            :    34         125    648785 
	   Gpus (Average)       :     0           4         4 "CUDA0,CUDA1,CUDA2,CUDA3"
	   GpusMemory (MB)      :     5                       
	   Memory (MB)          :   101       40960     40960 
...
009 (180235.000.000) 2022-11-08 19:21:27 Job was aborted.
...
